<?xml version="1.0" encoding="UTF-8"?>
<testng-results ignored="0" total="1" passed="1" failed="0" skipped="0">
  <reporter-output>
  </reporter-output>
  <suite started-at="2023-07-22T16:45:37 GST" name="Default suite" finished-at="2023-07-22T16:48:11 GST" duration-ms="154430">
    <groups>
    </groups>
    <test started-at="2023-07-22T16:45:37 GST" name="Default test" finished-at="2023-07-22T16:48:11 GST" duration-ms="154430">
      <class name="iosbasesauselabs">
        <test-method is-config="true" signature="setup()[pri:0, instance:iosbasesauselabs@2e005c4b]" started-at="2023-07-22T16:45:37 GST" name="setup" finished-at="2023-07-22T16:48:07 GST" duration-ms="150101" status="PASS">
          <reporter-output>
          </reporter-output>
        </test-method> <!-- setup -->
        <test-method signature="printBeforeTestBegins()[pri:0, instance:iosbasesauselabs@2e005c4b]" started-at="2023-07-22T16:48:07 GST" name="printBeforeTestBegins" finished-at="2023-07-22T16:48:07 GST" duration-ms="6" status="PASS">
          <reporter-output>
          </reporter-output>
        </test-method> <!-- printBeforeTestBegins -->
        <test-method is-config="true" signature="printAfterTestEnds()[pri:0, instance:iosbasesauselabs@2e005c4b]" started-at="2023-07-22T16:48:07 GST" name="printAfterTestEnds" finished-at="2023-07-22T16:48:11 GST" duration-ms="4294" status="PASS">
          <reporter-output>
          </reporter-output>
        </test-method> <!-- printAfterTestEnds -->
      </class> <!-- iosbasesauselabs -->
    </test> <!-- Default test -->
  </suite> <!-- Default suite -->
</testng-results>
