<?xml version="1.0" encoding="UTF-8"?>
<testng-results ignored="0" total="2" passed="2" failed="0" skipped="0">
  <reporter-output>
  </reporter-output>
  <suite started-at="2023-07-24T11:55:57 GST" name="Default suite" finished-at="2023-07-24T11:56:22 GST" duration-ms="24780">
    <groups>
    </groups>
    <test started-at="2023-07-24T11:55:57 GST" name="Default test" finished-at="2023-07-24T11:56:22 GST" duration-ms="24780">
      <class name="ioslogininvalid">
        <test-method is-config="true" signature="setup()[pri:0, instance:ioslogininvalid@4f18837a]" started-at="2023-07-24T11:55:57 GST" name="setup" finished-at="2023-07-24T11:56:05 GST" duration-ms="7418" status="PASS">
          <reporter-output>
          </reporter-output>
        </test-method> <!-- setup -->
        <test-method signature="printBeforeTestBegins()[pri:0, instance:ioslogininvalid@4f18837a]" started-at="2023-07-24T11:56:05 GST" name="printBeforeTestBegins" finished-at="2023-07-24T11:56:05 GST" duration-ms="7" status="PASS">
          <reporter-output>
          </reporter-output>
        </test-method> <!-- printBeforeTestBegins -->
        <test-method signature="invalidLogin()[pri:0, instance:ioslogininvalid@4f18837a]" started-at="2023-07-24T11:56:05 GST" name="invalidLogin" finished-at="2023-07-24T11:56:19 GST" duration-ms="14260" status="PASS">
          <reporter-output>
          </reporter-output>
        </test-method> <!-- invalidLogin -->
        <test-method is-config="true" signature="printAfterTestEnds()[pri:0, instance:ioslogininvalid@4f18837a]" started-at="2023-07-24T11:56:19 GST" name="printAfterTestEnds" finished-at="2023-07-24T11:56:22 GST" duration-ms="3050" status="PASS">
          <reporter-output>
          </reporter-output>
        </test-method> <!-- printAfterTestEnds -->
      </class> <!-- ioslogininvalid -->
    </test> <!-- Default test -->
  </suite> <!-- Default suite -->
</testng-results>
